<?xml version="1.0" encoding="UTF-8"?>
<testsuite xmlns:xsi="http://www.w3.org/2001/XMLSchema-instance" xsi:noNamespaceSchemaLocation="https://maven.apache.org/surefire/maven-surefire-plugin/xsd/surefire-test-report.xsd" version="3.0.2" name="com.example.club.ClubBackendApplicationTests" time="4.503" tests="2" errors="0" skipped="0" failures="0">
  <properties>
[...]
</properties>
  <testcase name="testSelectRecommendedClubs" classname="com.example.club.ClubBackendApplicationTests" time="1.088">
    <system-out><![CDATA[14:57:37.049 [main] INFO org.springframework.test.context.support.AnnotationConfigContextLoaderUtils -- Could not detect default configuration classes for test class [com.example.club.ClubBackendApplicationTests]: ClubBackendApplicationTests does not declare any static, non-private, non-final, nested classes annotated with @Configuration.
14:57:37.173 [main] INFO org.springframework.boot.test.context.SpringBootTestContextBootstrapper -- Found @SpringBootConfiguration com.example.club.ClubBackendApplication for test class com.example.club.ClubBackendApplicationTests

  .   ____          _            __ _ _
 /\\ / ___'_ __ _ _(_)_ __  __ _ \ \ \ \
( ( )\___ | '_ | '_| | '_ \/ _` | \ \ \ \
 \\/  ___)| |_)| | | | | || (_| |  ) ) ) )
  '  |____| .__|_| |_|_| |_\__, | / / / /
 =========|_|==============|___/=/_/_/_/

 :: Spring Boot ::                (v3.4.7)

2025-07-03T14:57:37.669+08:00  INFO 20368 --- [Club_Alliance] [           main] c.e.club.ClubBackendApplicationTests     : Starting ClubBackendApplicationTests using Java 21.0.6 with PID 20368 (started by 15073 in C:\Users\15073\Desktop\软工实训\合并\Club_Alliance\Club_Alliance\club_backend)
2025-07-03T14:57:37.670+08:00  INFO 20368 --- [Club_Alliance] [           main] c.e.club.ClubBackendApplicationTests     : No active profile set, falling back to 1 default profile: "default"
Logging initialized using 'class org.apache.ibatis.logging.stdout.StdOutImpl' adapter.
2025-07-03T14:57:40.275+08:00  INFO 20368 --- [Club_Alliance] [           main] c.e.club.ClubBackendApplicationTests     : Started ClubBackendApplicationTests in 2.921 seconds (process running for 3.839)
Creating a new SqlSession
SqlSession [org.apache.ibatis.session.defaults.DefaultSqlSession@5e8f0f98] was not registered for synchronization because synchronization is not active
2025-07-03T14:57:41.160+08:00  INFO 20368 --- [Club_Alliance] [           main] com.zaxxer.hikari.HikariDataSource       : HikariPool-1 - Starting...
2025-07-03T14:57:41.310+08:00  INFO 20368 --- [Club_Alliance] [           main] com.zaxxer.hikari.pool.HikariPool        : HikariPool-1 - Added connection com.mysql.cj.jdbc.ConnectionImpl@6b86826a
2025-07-03T14:57:41.312+08:00  INFO 20368 --- [Club_Alliance] [           main] com.zaxxer.hikari.HikariDataSource       : HikariPool-1 - Start completed.
JDBC Connection [HikariProxyConnection@1958168955 wrapping com.mysql.cj.jdbc.ConnectionImpl@6b86826a] will not be managed by Spring
==>  Preparing: SELECT c.club_id, c.club_name, c.description, c.category, c.icon, c.president_id, c.requirements, c.favorite_count, c.current_members, c.status, c.created_at, u.stu_name as president_name FROM club c LEFT JOIN user u ON c.president_id = u.user_id WHERE c.status = ?ORDER BY c.favorite_count DESC, c.current_members DESC LIMIT ?
==> Parameters: APPROVED(String), 2(Integer)
<==    Columns: club_id, club_name, description, category, icon, president_id, requirements, favorite_count, current_members, status, created_at, president_name
<==        Row: 4, Kaneko Yuna, <<BLOB>>, CAREER, mKgQoz4Y30, 1, <<BLOB>>, 786, 580, APPROVED, 2023-02-14 05:57:35, 一一一
<==        Row: 3, Chin Sze Kwan, <<BLOB>>, ACADEMIC, W768kQtV3N, 1, <<BLOB>>, 305, 503, APPROVED, 2008-08-27 09:47:59, 一一一
<==      Total: 2
Closing non transactional SqlSession [org.apache.ibatis.session.defaults.DefaultSqlSession@5e8f0f98]
查询结果：[Club{clubId=4, clubName='Kaneko Yuna', description='If your Internet Service Provider (ISP) does not provide direct access to its server, Secure Tunneling Protocol (SSH) / HTTP is another solution. After comparing data, the window shows the number of records that will be inserted, updated or deleted in the target. All journeys have secret destinations of which the traveler is unaware. To successfully establish a new connection to local/remote server - no matter via SSL, SSH or HTTP, set the database login information in the General tab. I will greet this day with love in my heart. Optimism is the one quality more associated with success and happiness than any other.', category=CAREER, icon='mKgQoz4Y30', presidentId=1, presidentName='一一一', requirements='It provides strong authentication and secure encrypted communications between two hosts, known as SSH Port Forwarding (Tunneling), over an insecure network. Import Wizard allows you to import data to tables/collections from CSV, TXT, XML, DBF and more. To get a secure connection, the first thing you need to do is to install OpenSSL Library and download Database Source. Navicat is a multi-connections Database Administration tool allowing you to connect to MySQL, Oracle, PostgreSQL, SQLite, SQL Server, MariaDB and/or MongoDB databases, making database administration to multiple kinds of database so easy.', favoriteCount=786, currentMembers=580, status=APPROVED, createdAt=Tue Feb 14 13:57:35 CST 2023}, Club{clubId=3, clubName='Chin Sze Kwan', description='A comfort zone is a beautiful place, but nothing ever grows there. Navicat Data Modeler is a powerful and cost-effective database design tool which helps you build high-quality conceptual, logical and physical data models. Always keep your eyes open. Keep watching. Because whatever you see can inspire you. Navicat Data Modeler is a powerful and cost-effective database design tool which helps you build high-quality conceptual, logical and physical data models. If opportunity doesn’t knock, build a door. The Navigation pane employs tree structure which allows you to take action upon the database and their objects through their pop-up menus quickly and easily. With its well-designed Graphical User Interface(GUI), Navicat lets you quickly and easily create, organize, access and share information in a secure and easy way. Navicat Monitor can be installed on any local computer or virtual machine and does not require any software installation on the servers being monitored. In other words, Navicat provides the ability for data in different databases and/or schemas to be kept up-to-date so that each repository contains the same information. Navicat Monitor can be installed on any local computer or virtual machine and does not require any software installation on the servers being monitored. Navicat 15 has added support for the system-wide dark mode. To successfully establish a new connection to local/remote server - no matter via SSL or SSH, set the database login information in the General tab. You cannot save people, you can just love them. After comparing data, the window shows the number of records that will be inserted, updated or deleted in the target. You must be the change you wish to see in the world. What you get by achieving your goals is not as important as what you become by achieving your goals. All journeys have secret destinations of which the traveler is unaware. In the middle of winter I at last discovered that there was in me an invincible summer. If it scares you, it might be a good thing to try. Flexible settings enable you to set up a custom key for comparison and synchronization. You cannot save people, you can just love them. I may not have gone where I intended to go, but I think I have ended up where I needed to be. The repository database can be an existing MySQL, MariaDB, PostgreSQL, SQL Server, or Amazon RDS instance. To connect to a database or schema, simply double-click it in the pane. Genius is an infinite capacity for taking pains. The On Startup feature allows you to control what tabs appear when you launch Navicat. If the plan doesn’t work, change the plan, but never the goal. It is used while your ISPs do not allow direct connections, but allows establishing HTTP connections. Navicat Data Modeler is a powerful and cost-effective database design tool which helps you build high-quality conceptual, logical and physical data models. Navicat Monitor requires a repository to store alerts and metrics for historical analysis. In a Telnet session, all communications, including username and password, are transmitted in plain-text, allowing anyone to listen-in on your session and steal passwords and other information. To start working with your server in Navicat, you should first establish a connection or several connections using the Connection window. After logged in the Navicat Cloud feature, the Navigation pane will be divided into Navicat Cloud and My Connections sections. Navicat allows you to transfer data from one database and/or schema to another with detailed analytical process. Navicat Monitor is a safe, simple and agentless remote server monitoring tool that is packed with powerful features to make your monitoring effective as possible. To connect to a database or schema, simply double-click it in the pane. Navicat Cloud provides a cloud service for synchronizing connections, queries, model files and virtual group information from Navicat, other Navicat family members, different machines and different platforms. Navicat Data Modeler is a powerful and cost-effective database design tool which helps you build high-quality conceptual, logical and physical data models. Always keep your eyes open. Keep watching. Because whatever you see can inspire you. Instead of wondering when your next vacation is, maybe you should set up a life you don’t need to escape from. To get a secure connection, the first thing you need to do is to install OpenSSL Library and download Database Source. Actually it is just in an idea when feel oneself can achieve and cannot achieve. In the middle of winter I at last discovered that there was in me an invincible summer. Navicat Cloud provides a cloud service for synchronizing connections, queries, model files and virtual group information from Navicat, other Navicat family members, different machines and different platforms. Navicat Cloud provides a cloud service for synchronizing connections, queries, model files and virtual group information from Navicat, other Navicat family members, different machines and different platforms. You will succeed because most people are lazy. In a Telnet session, all communications, including username and password, are transmitted in plain-text, allowing anyone to listen-in on your session and steal passwords and other information. What you get by achieving your goals is not as important as what you become by achieving your goals. Navicat Cloud could not connect and access your databases. By which it means, it could only store your connection settings, queries, model files, and virtual group; your database passwords and data (e.g. tables, views, etc) will not be stored to Navicat Cloud. Export Wizard allows you to export data from tables, collections, views, or query results to any available formats. The past has no power over the present moment. Anyone who has ever made anything of importance was disciplined. If you wait, all that happens is you get older. With its well-designed Graphical User Interface(GUI), Navicat lets you quickly and easily create, organize, access and share information in a secure and easy way. To connect to a database or schema, simply double-click it in the pane. Navicat Monitor can be installed on any local computer or virtual machine and does not require any software installation on the servers being monitored. In a Telnet session, all communications, including username and password, are transmitted in plain-text, allowing anyone to listen-in on your session and steal passwords and other information. You must be the change you wish to see in the world. Difficult circumstances serve as a textbook of life for people. Sometimes you win, sometimes you learn. To start working with your server in Navicat, you should first establish a connection or several connections using the Connection window. Navicat provides powerful tools for working with queries: Query Editor for editing the query text directly, and Query Builder, Find Builder or Aggregate Builder for building queries visually. I destroy my enemies when I make them my friends. SQL Editor allows you to create and edit SQL text, prepare and execute selected queries. Anyone who has never made a mistake has never tried anything new. If your Internet Service Provider (ISP) does not provide direct access to its server, Secure Tunneling Protocol (SSH) / HTTP is another solution. If you wait, all that happens is you get older.', category=ACADEMIC, icon='W768kQtV3N', presidentId=1, presidentName='一一一', requirements='It is used while your ISPs do not allow direct connections, but allows establishing HTTP connections. To start working with your server in Navicat, you should first establish a connection or several connections using the Connection window. To clear or reload various internal caches, flush tables, or acquire locks, control-click your connection in the Navigation pane and select Flush and choose the flush option. You must have the reload privilege to use this feature. The Main Window consists of several toolbars and panes for you to work on connections, database objects and advanced tools. Navicat is a multi-connections Database Administration tool allowing you to connect to MySQL, Oracle, PostgreSQL, SQLite, SQL Server, MariaDB and/or MongoDB databases, making database administration to multiple kinds of database so easy. Optimism is the one quality more associated with success and happiness than any other. Export Wizard allows you to export data from tables, collections, views, or query results to any available formats. If you wait, all that happens is you get older. Success consists of going from failure to failure without loss of enthusiasm. In the middle of winter I at last discovered that there was in me an invincible summer. In the Objects tab, you can use the List List, Detail Detail and ER Diagram ER Diagram buttons to change the object view. The past has no power over the present moment. I may not have gone where I intended to go, but I think I have ended up where I needed to be. If the Show objects under schema in navigation pane option is checked at the Preferences window, all database objects are also displayed in the pane. In a Telnet session, all communications, including username and password, are transmitted in plain-text, allowing anyone to listen-in on your session and steal passwords and other information. You must be the change you wish to see in the world. Navicat provides a wide range advanced features, such as compelling code editing capabilities, smart code-completion, SQL formatting, and more. To start working with your server in Navicat, you should first establish a connection or several connections using the Connection window. If the Show objects under schema in navigation pane option is checked at the Preferences window, all database objects are also displayed in the pane. The reason why a great man is great is that he resolves to be a great man. Secure Sockets Layer(SSL) is a protocol for transmitting private documents via the Internet. Navicat Cloud provides a cloud service for synchronizing connections, queries, model files and virtual group information from Navicat, other Navicat family members, different machines and different platforms. The repository database can be an existing MySQL, MariaDB, PostgreSQL, SQL Server, or Amazon RDS instance. Creativity is intelligence having fun. Navicat Monitor requires a repository to store alerts and metrics for historical analysis. Anyone who has never made a mistake has never tried anything new. In a Telnet session, all communications, including username and password, are transmitted in plain-text, allowing anyone to listen-in on your session and steal passwords and other information. Secure Sockets Layer(SSL) is a protocol for transmitting private documents via the Internet. To clear or reload various internal caches, flush tables, or acquire locks, control-click your connection in the Navigation pane and select Flush and choose the flush option. You must have the reload privilege to use this feature. SSH serves to prevent such vulnerabilities and allows you to access a remote server's shell without compromising security. It wasn’t raining when Noah built the ark. If opportunity doesn’t knock, build a door. Navicat allows you to transfer data from one database and/or schema to another with detailed analytical process. Such sessions are also susceptible to session hijacking, where a malicious user takes over your session once you have authenticated. It can also manage cloud databases such as Amazon Redshift, Amazon RDS, Alibaba Cloud. Features in Navicat are sophisticated enough to provide professional developers for all their specific needs, yet easy to learn for users who are new to database server. The Main Window consists of several toolbars and panes for you to work on connections, database objects and advanced tools. It provides strong authentication and secure encrypted communications between two hosts, known as SSH Port Forwarding (Tunneling), over an insecure network. Navicat allows you to transfer data from one database and/or schema to another with detailed analytical process. It collects process metrics such as CPU load, RAM usage, and a variety of other resources over SSH/SNMP. Success consists of going from failure to failure without loss of enthusiasm. It wasn’t raining when Noah built the ark. Navicat allows you to transfer data from one database and/or schema to another with detailed analytical process. It collects process metrics such as CPU load, RAM usage, and a variety of other resources over SSH/SNMP. To open a query using an external editor, control-click it and select Open with External Editor. You can set the file path of an external editor in Preferences. To start working with your server in Navicat, you should first establish a connection or several connections using the Connection window. After comparing data, the window shows the number of records that will be inserted, updated or deleted in the target. Difficult circumstances serve as a textbook of life for people. I may not have gone where I intended to go, but I think I have ended up where I needed to be. I may not have gone where I intended to go, but I think I have ended up where I needed to be. The Navigation pane employs tree structure which allows you to take action upon the database and their objects through their pop-up menus quickly and easily. Genius is an infinite capacity for taking pains. The repository database can be an existing MySQL, MariaDB, PostgreSQL, SQL Server, or Amazon RDS instance. Difficult circumstances serve as a textbook of life for people. Navicat authorizes you to make connection to remote servers running on different platforms (i.e. Windows, macOS, Linux and UNIX), and supports PAM and GSSAPI authentication. Navicat Data Modeler is a powerful and cost-effective database design tool which helps you build high-quality conceptual, logical and physical data models. Navicat Monitor requires a repository to store alerts and metrics for historical analysis. I may not have gone where I intended to go, but I think I have ended up where I needed to be. Typically, it is employed as an encrypted version of Telnet. SSH serves to prevent such vulnerabilities and allows you to access a remote server's shell without compromising security. It collects process metrics such as CPU load, RAM usage, and a variety of other resources over SSH/SNMP. Genius is an infinite capacity for taking pains. It wasn’t raining when Noah built the ark. You can select any connections, objects or projects, and then select the corresponding buttons on the Information Pane. I destroy my enemies when I make them my friends. If the Show objects under schema in navigation pane option is checked at the Preferences window, all database objects are also displayed in the pane. A comfort zone is a beautiful place, but nothing ever grows there. Navicat Monitor is a safe, simple and agentless remote server monitoring tool that is packed with powerful features to make your monitoring effective as possible. Anyone who has ever made anything of importance was disciplined. Creativity is intelligence having fun. I will greet this day with love in my heart. If you wait, all that happens is you get older. Navicat provides a wide range advanced features, such as compelling code editing capabilities, smart code-completion, SQL formatting, and more. Navicat Monitor is a safe, simple and agentless remote server monitoring tool that is packed with powerful features to make your monitoring effective as possible.', favoriteCount=305, currentMembers=503, status=APPROVED, createdAt=Wed Aug 27 17:47:59 CST 2008}]
]]></system-out>
    <system-err><![CDATA[Mockito is currently self-attaching to enable the inline-mock-maker. This will no longer work in future releases of the JDK. Please add Mockito as an agent to your build what is described in Mockito's documentation: https://javadoc.io/doc/org.mockito/mockito-core/latest/org/mockito/Mockito.html#0.3
WARNING: A Java agent has been loaded dynamically (C:\Users\15073\.m2\repository\net\bytebuddy\byte-buddy-agent\1.15.11\byte-buddy-agent-1.15.11.jar)
WARNING: If a serviceability tool is in use, please run with -XX:+EnableDynamicAgentLoading to hide this warning
WARNING: If a serviceability tool is not in use, please run with -Djdk.instrument.traceUsage for more information
WARNING: Dynamic loading of agents will be disallowed by default in a future release
]]></system-err>
  </testcase>
  <testcase name="contextLoads" classname="com.example.club.ClubBackendApplicationTests" time="0.003"/>
</testsuite>